<?xml version="1.0" encoding="UTF-8"?>
<!-- Generated by org.testng.reporters.JUnitReportReporter -->
<testsuite hostname="Garg-Laptop" failures="0" tests="3" name="tests.SearchTest" time="29.876" errors="0" timestamp="2024-05-15T17:34:31 IST" skipped="0">
  <testcase classname="tests.SearchTest" name="searchProducts" time="10.596"/>
  <testcase classname="tests.SearchTest" name="searchProducts" time="9.693"/>
  <testcase classname="tests.SearchTest" name="searchProducts" time="9.587"/>
</testsuite> <!-- tests.SearchTest -->
