<?xml version="1.0" encoding="UTF-8"?>
<!-- Generated by org.testng.reporters.JUnitReportReporter -->
<testsuite hostname="Garg-Laptop" failures="0" tests="2" name="tests.LoginTest" time="21.178" errors="0" timestamp="2024-05-15T17:25:37 IST" skipped="0">
  <testcase classname="tests.LoginTest" name="getLoggedIn" time="10.301"/>
  <testcase classname="tests.LoginTest" name="getLoggedIn" time="10.877"/>
</testsuite> <!-- tests.LoginTest -->
